<?xml version="1.0" encoding="UTF-8"?>
<testng-results skipped="0" failed="0" ignored="0" total="2" passed="2">
  <reporter-output>
  </reporter-output>
  <suite name="Default suite" duration-ms="3882" started-at="2018-04-23T11:35:53Z" finished-at="2018-04-23T11:35:57Z">
    <groups>
    </groups>
    <test name="Default test" duration-ms="3882" started-at="2018-04-23T11:35:53Z" finished-at="2018-04-23T11:35:57Z">
      <class name="databaseTest.DatabaseTestMain">
        <test-method status="PASS" signature="dbtest()[pri:0, instance:databaseTest.DatabaseTestMain@15be6bb]" name="dbtest" duration-ms="3762" started-at="2018-04-23T11:35:53Z" finished-at="2018-04-23T11:35:57Z">
          <reporter-output>
          </reporter-output>
        </test-method> <!-- dbtest -->
        <test-method status="PASS" signature="dbtest2()[pri:0, instance:databaseTest.DatabaseTestMain@15be6bb]" name="dbtest2" duration-ms="35" started-at="2018-04-23T11:35:57Z" finished-at="2018-04-23T11:35:57Z">
          <reporter-output>
          </reporter-output>
        </test-method> <!-- dbtest2 -->
      </class> <!-- databaseTest.DatabaseTestMain -->
    </test> <!-- Default test -->
  </suite> <!-- Default suite -->
</testng-results>
