<?xml version="1.0" encoding="UTF-8"?>
<testng-results skipped="0" failed="0" ignored="0" total="1" passed="1">
  <reporter-output>
  </reporter-output>
  <suite name="Suite" duration-ms="3935" started-at="2018-04-23T08:55:56Z" finished-at="2018-04-23T08:56:00Z">
    <groups>
    </groups>
    <test name="Test" duration-ms="3935" started-at="2018-04-23T08:55:56Z" finished-at="2018-04-23T08:56:00Z">
      <class name="databaseTest.DatabaseTestMain">
        <test-method status="PASS" signature="dbtest()[pri:0, instance:databaseTest.DatabaseTestMain@15be6bb]" name="dbtest" duration-ms="3841" started-at="2018-04-23T08:55:56Z" finished-at="2018-04-23T08:56:00Z">
          <reporter-output>
          </reporter-output>
        </test-method> <!-- dbtest -->
      </class> <!-- databaseTest.DatabaseTestMain -->
    </test> <!-- Test -->
  </suite> <!-- Suite -->
</testng-results>
